[    0.000000] Linux version 4.15.0-212-generic (buildd@lcy02-amd64-083) (gcc version 7.5.0 (Ubuntu 7.5.0-3ubuntu1~18.04)) #223-Ubuntu SMP Tue May 23 13:09:22 UTC 2023 (Ubuntu 4.15.0-212.223-generic 4.15.18)
[    0.000000] Command line: BOOT_IMAGE=/boot/vmlinuz-4.15.0-212-generic root=LABEL=cloudimg-rootfs ro console=tty1 console=ttyS0
[    0.000000] KERNEL supported cpus:
[    0.000000]   Intel GenuineIntel
[    0.000000]   AMD AuthenticAMD
[    0.000000]   Centaur CentaurHauls
[    0.000000] x86/fpu: x87 FPU will use FXSAVE
[    0.000000] e820: BIOS-provided physical RAM map:
[    0.000000] BIOS-e820: [mem 0x0000000000000000-0x000000000009fbff] usable
[    0.000000] BIOS-e820: [mem 0x000000000009fc00-0x000000000009ffff] reserved
[    0.000000] BIOS-e820: [mem 0x00000000000f0000-0x00000000000fffff] reserved
[    0.000000] BIOS-e820: [mem 0x0000000000100000-0x000000003ffeffff] usable
[    0.000000] BIOS-e820: [mem 0x000000003fff0000-0x000000003fffffff] ACPI data
[    0.000000] BIOS-e820: [mem 0x00000000fec00000-0x00000000fec00fff] reserved
[    0.000000] BIOS-e820: [mem 0x00000000fee00000-0x00000000fee00fff] reserved
[    0.000000] BIOS-e820: [mem 0x00000000fffc0000-0x00000000ffffffff] reserved
[    0.000000] NX (Execute Disable) protection: active
[    0.000000] SMBIOS 2.5 present.
[    0.000000] DMI: innotek GmbH VirtualBox/VirtualBox, BIOS VirtualBox 12/01/2006
[    0.000000] Hypervisor detected: KVM
[    0.000000] e820: last_pfn = 0x3fff0 max_arch_pfn = 0x400000000
[    0.000000] MTRR: Disabled
[    0.000000] x86/PAT: MTRRs disabled, skipping PAT initialization too.
[    0.000000] CPU MTRRs all blank - virtualized system.
[    0.000000] x86/PAT: Configuration [0-7]: WB  WT  UC- UC  WB  WT  UC- UC  
[    0.000000] found SMP MP-table at [mem 0x0009fff0-0x0009ffff]
[    0.000000] Scanning 1 areas for low memory corruption
[    0.000000] RAMDISK: [mem 0x359cb000-0x36cdcfff]
[    0.000000] ACPI: Early table checksum verification disabled
[    0.000000] ACPI: RSDP 0x00000000000E0000 000024 (v02 VBOX  )
[    0.000000] ACPI: XSDT 0x000000003FFF0030 00003C (v01 VBOX   VBOXXSDT 00000001 ASL  00000061)
[    0.000000] ACPI: FACP 0x000000003FFF00F0 0000F4 (v04 VBOX   VBOXFACP 00000001 ASL  00000061)
[    0.000000] ACPI: DSDT 0x000000003FFF0610 002353 (v02 VBOX   VBOXBIOS 00000002 INTL 20100528)
[    0.000000] ACPI: FACS 0x000000003FFF0200 000040
[    0.000000] ACPI: FACS 0x000000003FFF0200 000040
[    0.000000] ACPI: APIC 0x000000003FFF0240 00005C (v02 VBOX   VBOXAPIC 00000001 ASL  00000061)
[    0.000000] ACPI: SSDT 0x000000003FFF02A0 00036C (v01 VBOX   VBOXCPUT 00000002 INTL 20100528)
[    0.000000] ACPI: Reserving FACP table memory at [mem 0x3fff00f0-0x3fff01e3]
[    0.000000] ACPI: Reserving DSDT table memory at [mem 0x3fff0610-0x3fff2962]
[    0.000000] ACPI: Reserving FACS table memory at [mem 0x3fff0200-0x3fff023f]
[    0.000000] ACPI: Reserving FACS table memory at [mem 0x3fff0200-0x3fff023f]
[    0.000000] ACPI: Reserving APIC table memory at [mem 0x3fff0240-0x3fff029b]
[    0.000000] ACPI: Reserving SSDT table memory at [mem 0x3fff02a0-0x3fff060b]
[    0.000000] No NUMA configuration found
[    0.000000] Faking a node at [mem 0x0000000000000000-0x000000003ffeffff]
[    0.000000] NODE_DATA(0) allocated [mem 0x3ffc5000-0x3ffeffff]
[    0.000000] kvm-clock: cpu 0, msr 0:3ff44001, primary cpu clock
[    0.000000] kvm-clock: Using msrs 4b564d01 and 4b564d00
[    0.000000] kvm-clock: using sched offset of 3872364936 cycles
[    0.000000] clocksource: kvm-clock: mask: 0xffffffffffffffff max_cycles: 0x1cd42e4dffb, max_idle_ns: 881590591483 ns
[    0.000000] Zone ranges:
[    0.000000]   DMA      [mem 0x0000000000001000-0x0000000000ffffff]
[    0.000000]   DMA32    [mem 0x0000000001000000-0x000000003ffeffff]
[    0.000000]   Normal   empty
[    0.000000]   Device   empty
[    0.000000] Movable zone start for each node
[    0.000000] Early memory node ranges
[    0.000000]   node   0: [mem 0x0000000000001000-0x000000000009efff]
[    0.000000]   node   0: [mem 0x0000000000100000-0x000000003ffeffff]
[    0.000000] Reserved but unavailable: 104 pages
[    0.000000] Initmem setup node 0 [mem 0x0000000000001000-0x000000003ffeffff]
[    0.000000] ACPI: PM-Timer IO Port: 0x4008
[    0.000000] IOAPIC[0]: apic_id 2, version 32, address 0xfec00000, GSI 0-23
[    0.000000] ACPI: INT_SRC_OVR (bus 0 bus_irq 0 global_irq 2 dfl dfl)
[    0.000000] ACPI: INT_SRC_OVR (bus 0 bus_irq 9 global_irq 9 low level)
[    0.000000] Using ACPI (MADT) for SMP configuration information
[    0.000000] smpboot: Allowing 2 CPUs, 0 hotplug CPUs
[    0.000000] PM: Registered nosave memory: [mem 0x00000000-0x00000fff]
[    0.000000] PM: Registered nosave memory: [mem 0x0009f000-0x0009ffff]
[    0.000000] PM: Registered nosave memory: [mem 0x000a0000-0x000effff]
[    0.000000] PM: Registered nosave memory: [mem 0x000f0000-0x000fffff]
[    0.000000] e820: [mem 0x40000000-0xfebfffff] available for PCI devices
[    0.000000] Booting paravirtualized kernel on KVM
[    0.000000] clocksource: refined-jiffies: mask: 0xffffffff max_cycles: 0xffffffff, max_idle_ns: 7645519600211568 ns
[    0.000000] setup_percpu: NR_CPUS:8192 nr_cpumask_bits:2 nr_cpu_ids:2 nr_node_ids:1
[    0.000000] percpu: Embedded 50 pages/cpu s167936 r8192 d28672 u1048576
[    0.000000] PV qspinlock hash table entries: 256 (order: 0, 4096 bytes)
[    0.000000] Built 1 zonelists, mobility grouping on.  Total pages: 257913
[    0.000000] Policy zone: DMA32
[    0.000000] Kernel command line: BOOT_IMAGE=/boot/vmlinuz-4.15.0-212-generic root=LABEL=cloudimg-rootfs ro console=tty1 console=ttyS0
[    0.000000] Memory: 982644K/1048120K available (12300K kernel code, 2477K rwdata, 4324K rodata, 2480K init, 2720K bss, 65476K reserved, 0K cma-reserved)
[    0.000000] SLUB: HWalign=64, Order=0-3, MinObjects=0, CPUs=2, Nodes=1
[    0.000000] ftrace: allocating 39508 entries in 155 pages
[    0.004000] Hierarchical RCU implementation.
[    0.004000] 	RCU restricting CPUs from NR_CPUS=8192 to nr_cpu_ids=2.
[    0.004000] 	Tasks RCU enabled.
[    0.004000] RCU: Adjusting geometry for rcu_fanout_leaf=16, nr_cpu_ids=2
[    0.004000] NR_IRQS: 524544, nr_irqs: 440, preallocated irqs: 16
[    0.004000] random: crng init done
[    0.004000] Console: colour VGA+ 80x25
[    0.004000] console [tty1] enabled
[    0.004000] console [ttyS0] enabled
[    0.004000] ACPI: Core revision 20170831
[    0.004000] ACPI: 2 ACPI AML tables successfully acquired and loaded
[    0.004000] APIC: Switch to symmetric I/O mode setup
[    0.004000] ..TIMER: vector=0x30 apic1=0 pin1=2 apic2=-1 pin2=-1
[    0.004000] tsc: Detected 1992.006 MHz processor
[    0.004026] Calibrating delay loop (skipped) preset value.. 3984.01 BogoMIPS (lpj=7968024)
[    0.008004] pid_max: default: 32768 minimum: 301
[    0.012074] Security Framework initialized
[    0.016003] Yama: becoming mindful.
[    0.020090] AppArmor: AppArmor initialized
[    0.029728] Dentry cache hash table entries: 131072 (order: 8, 1048576 bytes)
[    0.034253] Inode-cache hash table entries: 65536 (order: 7, 524288 bytes)
[    0.036085] Mount-cache hash table entries: 2048 (order: 2, 16384 bytes)
[    0.040076] Mountpoint-cache hash table entries: 2048 (order: 2, 16384 bytes)
[    0.046135] Last level iTLB entries: 4KB 64, 2MB 8, 4MB 8
[    0.048009] Last level dTLB entries: 4KB 64, 2MB 0, 4MB 0, 1GB 4
[    0.052004] Spectre V1 : Mitigation: usercopy/swapgs barriers and __user pointer sanitization
[    0.056007] Spectre V2 : Mitigation: Enhanced IBRS
[    0.060006] Spectre V2 : Spectre v2 / SpectreRSB mitigation: Filling RSB on context switch
[    0.064004] Spectre V2 : Spectre v2 / PBRSB-eIBRS: Retire a single CALL on VMEXIT
[    0.068003] RETBleed: Mitigation: Enhanced IBRS
[    0.072004] Speculative Store Bypass: Vulnerable
[    0.076087] MMIO Stale Data: Vulnerable: Clear CPU buffers attempted, no microcode
[    0.080008] SRBDS: Unknown: Dependent on hypervisor status
[    0.084190] Freeing SMP alternatives memory: 36K
[    0.212521] APIC calibration not consistent with PM-Timer: 104ms instead of 100ms
[    0.216000] APIC delta adjusted to PM-Timer: 6390359 (6707562)
[    0.220318] smpboot: CPU0: Intel(R) Core(TM) i7-8565U CPU @ 1.80GHz (family: 0x6, model: 0x8e, stepping: 0xc)
[    0.224442] Performance Events: unsupported p6 CPU model 142 no PMU driver, software events only.
[    0.228152] Hierarchical SRCU implementation.
[    0.236144] NMI watchdog: Perf event create on CPU 0 failed with -2
[    0.240002] NMI watchdog: Perf NMI watchdog permanently disabled
[    0.244320] smp: Bringing up secondary CPUs ...
[    0.248903] x86: Booting SMP configuration:
[    0.252002] .... node  #0, CPUs:      #1
[    0.004000] kvm-clock: cpu 1, msr 0:3ff44041, secondary cpu clock
[    0.264000] TSC synchronization [CPU#0 -> CPU#1]:
[    0.264000] Measured 134728 cycles TSC warp between CPUs, turning off TSC clock.
[    0.264000] tsc: Marking TSC unstable due to check_tsc_sync_source failed
[    0.268268] smp: Brought up 1 node, 2 CPUs
[    0.272063] smpboot: Max logical packages: 1
[    0.276003] smpboot: Total of 2 processors activated (7968.02 BogoMIPS)
[    0.284762] devtmpfs: initialized
[    0.288113] x86/mm: Memory block size: 128MB
[    0.292418] evm: security.selinux
[    0.295015] evm: security.SMACK64
[    0.296002] evm: security.SMACK64EXEC
[    0.300004] evm: security.SMACK64TRANSMUTE
[    0.304002] evm: security.SMACK64MMAP
[    0.306989] evm: security.apparmor
[    0.308002] evm: security.ima
[    0.312002] evm: security.capability
[    0.316495] clocksource: jiffies: mask: 0xffffffff max_cycles: 0xffffffff, max_idle_ns: 7645041785100000 ns
[    0.328012] futex hash table entries: 512 (order: 3, 32768 bytes)
[    0.336282] pinctrl core: initialized pinctrl subsystem
[    0.340441] RTC time: 21:43:46, date: 02/18/24
[    0.348596] NET: Registered protocol family 16
[    0.352161] audit: initializing netlink subsys (disabled)
[    0.360323] audit: type=2000 audit(1708292631.013:1): state=initialized audit_enabled=0 res=1
[    0.372036] cpuidle: using governor ladder
[    0.376010] cpuidle: using governor menu
[    0.380048] ACPI: bus type PCI registered
[    0.384004] acpiphp: ACPI Hot Plug PCI Controller Driver version: 0.5
[    0.392492] PCI: Using configuration type 1 for base access
[    0.404300] HugeTLB registered 2.00 MiB page size, pre-allocated 0 pages
[    0.412364] ACPI: Added _OSI(Module Device)
[    0.416003] ACPI: Added _OSI(Processor Device)
[    0.420002] ACPI: Added _OSI(3.0 _SCP Extensions)
[    0.424002] ACPI: Added _OSI(Processor Aggregator Device)
[    0.428004] ACPI: Added _OSI(Linux-Dell-Video)
[    0.432003] ACPI: Added _OSI(Linux-Lenovo-NV-HDMI-Audio)
[    0.436004] ACPI: Added _OSI(Linux-HPI-Hybrid-Graphics)
[    0.444250] ACPI: Executed 1 blocks of module-level executable AML code
[    0.455370] ACPI: Interpreter enabled
[    0.460022] ACPI: (supports S0 S5)
[    0.464005] ACPI: Using IOAPIC for interrupt routing
[    0.468381] PCI: Using host bridge windows from ACPI; if necessary, use "pci=nocrs" and report a bug
[    0.476318] ACPI: Enabled 2 GPEs in block 00 to 07
[    0.493526] ACPI: PCI Root Bridge [PCI0] (domain 0000 [bus 00-ff])
[    0.496007] acpi PNP0A03:00: _OSC: OS supports [ASPM ClockPM Segments MSI]
[    0.504669] acpi PNP0A03:00: _OSC: not requesting OS control; OS requires [ExtendedConfig ASPM ClockPM MSI]
[    0.516016] acpi PNP0A03:00: fail to add MMCONFIG information, can't access extended PCI configuration space under this bridge.
[    0.524673] PCI host bridge to bus 0000:00
[    0.532004] pci_bus 0000:00: root bus resource [io  0x0000-0x0cf7 window]
[    0.536003] pci_bus 0000:00: root bus resource [io  0x0d00-0xffff window]
[    0.544004] pci_bus 0000:00: root bus resource [mem 0x000a0000-0x000bffff window]
[    0.552004] pci_bus 0000:00: root bus resource [mem 0x40000000-0xfdffffff window]
[    0.556004] pci_bus 0000:00: root bus resource [bus 00-ff]
[    0.570795] pci 0000:00:01.1: legacy IDE quirk: reg 0x10: [io  0x01f0-0x01f7]
[    0.576003] pci 0000:00:01.1: legacy IDE quirk: reg 0x14: [io  0x03f6]
[    0.584004] pci 0000:00:01.1: legacy IDE quirk: reg 0x18: [io  0x0170-0x0177]
[    0.588003] pci 0000:00:01.1: legacy IDE quirk: reg 0x1c: [io  0x0376]
[    0.617271] pci 0000:00:07.0: quirk: [io  0x4000-0x403f] claimed by PIIX4 ACPI
[    0.624034] pci 0000:00:07.0: quirk: [io  0x4100-0x410f] claimed by PIIX4 SMB
[    0.640802] ACPI: PCI Interrupt Link [LNKA] (IRQs 5 9 10 *11)
[    0.644518] ACPI: PCI Interrupt Link [LNKB] (IRQs 5 9 *10 11)
[    0.652194] ACPI: PCI Interrupt Link [LNKC] (IRQs 5 *9 10 11)
[    0.660218] ACPI: PCI Interrupt Link [LNKD] (IRQs 5 9 10 *11)
[    0.664669] SCSI subsystem initialized
[    0.668262] pci 0000:00:02.0: vgaarb: setting as boot VGA device
[    0.672000] pci 0000:00:02.0: vgaarb: VGA device added: decodes=io+mem,owns=io+mem,locks=none
[    0.684006] pci 0000:00:02.0: vgaarb: bridge control possible
[    0.688003] vgaarb: loaded
[    0.692133] ACPI: bus type USB registered
[    0.696017] usbcore: registered new interface driver usbfs
[    0.700015] usbcore: registered new interface driver hub
[    0.704053] usbcore: registered new device driver usb
[    0.712175] EDAC MC: Ver: 3.0.0
[    0.716772] PCI: Using ACPI for IRQ routing
[    0.720696] NetLabel: Initializing
[    0.724002] NetLabel:  domain hash size = 128
[    0.728002] NetLabel:  protocols = UNLABELED CIPSOv4 CALIPSO
[    0.736084] NetLabel:  unlabeled traffic allowed by default
[    0.740339] clocksource: Switched to clocksource kvm-clock
[    0.785162] VFS: Disk quotas dquot_6.6.0
[    0.793501] VFS: Dquot-cache hash table entries: 512 (order 0, 4096 bytes)
[    0.801517] AppArmor: AppArmor Filesystem Enabled
[    0.806560] pnp: PnP ACPI init
[    0.811473] pnp: PnP ACPI: found 3 devices
[    0.823711] clocksource: acpi_pm: mask: 0xffffff max_cycles: 0xffffff, max_idle_ns: 2085701024 ns
[    0.832192] NET: Registered protocol family 2
[    0.836078] IP idents hash table entries: 16384 (order: 5, 131072 bytes)
[    0.843708] TCP established hash table entries: 8192 (order: 4, 65536 bytes)
[    0.850636] TCP bind hash table entries: 8192 (order: 5, 131072 bytes)
[    0.857672] TCP: Hash tables configured (established 8192 bind 8192)
[    0.864657] UDP hash table entries: 512 (order: 2, 16384 bytes)
[    0.870900] UDP-Lite hash table entries: 512 (order: 2, 16384 bytes)
[    0.876672] NET: Registered protocol family 1
[    0.880944] pci 0000:00:00.0: Limiting direct PCI/PCI transfers
[    0.886556] pci 0000:00:01.0: Activating ISA DMA hang workarounds
[    0.893651] pci 0000:00:02.0: Video device with shadowed ROM at [mem 0x000c0000-0x000dffff]
[    0.901944] Unpacking initramfs...
[    1.416396] Freeing initrd memory: 19528K
[    1.421645] clocksource: tsc: mask: 0xffffffffffffffff max_cycles: 0x396d5dac02a, max_idle_ns: 881590811122 ns
[    1.431157] platform rtc_cmos: registered platform RTC device (no PNP device found)
[    1.440193] Scanning for low memory corruption every 60 seconds
[    1.447690] Initialise system trusted keyrings
[    1.452595] Key type blacklist registered
[    1.457391] workingset: timestamp_bits=36 max_order=18 bucket_order=0
[    1.466031] zbud: loaded
[    1.470874] squashfs: version 4.0 (2009/01/31) Phillip Lougher
[    1.477839] fuse init (API version 7.26)
[    1.501134] Key type asymmetric registered
[    1.506840] Asymmetric key parser 'x509' registered
[    1.511635] Block layer SCSI generic (bsg) driver version 0.4 loaded (major 246)
[    1.519864] io scheduler noop registered
[    1.524855] io scheduler deadline registered
[    1.528696] io scheduler cfq registered (default)
[    1.533851] ACPI: AC Adapter [AC] (on-line)
[    1.538162] input: Power Button as /devices/LNXSYSTM:00/LNXPWRBN:00/input/input0
[    1.545027] ACPI: Power Button [PWRF]
[    1.549123] input: Sleep Button as /devices/LNXSYSTM:00/LNXSLPBN:00/input/input1
[    1.555214] ACPI: Sleep Button [SLPF]
[    1.559630] Serial: 8250/16550 driver, 32 ports, IRQ sharing enabled
[    1.561229] ACPI: Battery Slot [BAT0] (battery present)
[    1.597102] 00:02: ttyS0 at I/O 0x3f8 (irq = 4, base_baud = 115200) is a 16550A
[    1.606925] Linux agpgart interface v0.103
[    1.616463] loop: module loaded
[    1.624445] scsi host0: ata_piix
[    1.629792] scsi host1: ata_piix
[    1.633958] ata1: PATA max UDMA/33 cmd 0x1f0 ctl 0x3f6 bmdma 0xd000 irq 14
[    1.640539] ata2: PATA max UDMA/33 cmd 0x170 ctl 0x376 bmdma 0xd008 irq 15
[    1.646930] tun: Universal TUN/TAP device driver, 1.6
[    1.652134] PPP generic driver version 2.4.2
[    1.656046] ehci_hcd: USB 2.0 'Enhanced' Host Controller (EHCI) Driver
[    1.663016] ehci-pci: EHCI PCI platform driver
[    1.667467] ehci-platform: EHCI generic platform driver
[    1.672551] ohci_hcd: USB 1.1 'Open' Host Controller (OHCI) Driver
[    1.679754] ohci-pci: OHCI PCI platform driver
[    1.684695] ohci-platform: OHCI generic platform driver
[    1.689848] uhci_hcd: USB Universal Host Controller Interface driver
[    1.696450] i8042: PNP: PS/2 Controller [PNP0303:PS2K,PNP0f03:PS2M] at 0x60,0x64 irq 1,12
[    1.707381] serio: i8042 KBD port at 0x60,0x64 irq 1
[    1.712975] serio: i8042 AUX port at 0x60,0x64 irq 12
[    1.718136] mousedev: PS/2 mouse device common for all mice
[    1.725384] input: AT Translated Set 2 keyboard as /devices/platform/i8042/serio0/input/input2
[    1.725716] rtc_cmos rtc_cmos: rtc core: registered rtc_cmos as rtc0
[    1.740847] rtc_cmos rtc_cmos: alarms up to one day, 114 bytes nvram
[    1.746049] i2c /dev entries driver
[    1.749444] device-mapper: uevent: version 1.0.3
[    1.754538] device-mapper: ioctl: 4.37.0-ioctl (2017-09-20) initialised: dm-devel@redhat.com
[    1.761404] ledtrig-cpu: registered to indicate activity on CPUs
[    1.769429] NET: Registered protocol family 10
[    1.784466] Segment Routing with IPv6
[    1.789170] NET: Registered protocol family 17
[    1.794418] Key type dns_resolver registered
[    1.799854] mce: Using 0 MCE banks
[    1.804209] RAS: Correctable Errors collector initialized.
[    1.837285] sched_clock: Marking stable (1837074553, 0)->(2644503069, -807428516)
[    1.872318] registered taskstats version 1
[    1.876561] Loading compiled-in X.509 certificates
[    1.886378] Loaded X.509 cert 'Build time autogenerated kernel key: b5b26778eaa3ab3a4a6cee031137706e947d12ad'
[    1.896117] Loaded X.509 cert 'Canonical Ltd. Live Patch Signing: 14df34d1a87cf37625abec039ef2bf521249b969'
[    1.904817] Loaded X.509 cert 'Canonical Ltd. Kernel Module Signing: 88f752e560a1e0737e31163a466ad7b70a850c19'
[    1.912802] blacklist: Loading compiled-in revocation X.509 certificates
[    1.918942] Loaded X.509 cert 'Canonical Ltd. Secure Boot Signing: 61482aa2830d0ab2ad5af10b7250da9033ddcef0'
[    1.926808] Loaded X.509 cert 'Canonical Ltd. Secure Boot Signing (2017): 242ade75ac4a15e50d50c84b0d45ff3eae707a03'
[    1.936203] Loaded X.509 cert 'Canonical Ltd. Secure Boot Signing (ESM 2018): 365188c1d374d6b07c3c8f240f8ef722433d6a8b'
[    1.946439] Loaded X.509 cert 'Canonical Ltd. Secure Boot Signing (2019): c0746fd6c5da3ae827864651ad66ae47fe24b3e8'
[    1.956355] Loaded X.509 cert 'Canonical Ltd. Secure Boot Signing (2021 v1): a8d54bbb3825cfb94fa13c9f8a594a195c107b8d'
[    1.966222] Loaded X.509 cert 'Canonical Ltd. Secure Boot Signing (2021 v2): 4cf046892d6fd3c9a5b03f98d845f90851dc6a8c'
[    1.976151] Loaded X.509 cert 'Canonical Ltd. Secure Boot Signing (2021 v3): 100437bb6de6e469b581e61cd66bce3ef4ed53af'
[    1.985858] Loaded X.509 cert 'Canonical Ltd. Secure Boot Signing (Ubuntu Core 2019): c1d57b8f6b743f23ee41f4f7ee292f06eecadfb9'
[    1.996124] zswap: loaded using pool lzo/zbud
[    2.012891] Key type big_key registered
[    2.016779] Key type trusted registered
[    2.024906] Key type encrypted registered
[    2.028658] AppArmor: AppArmor sha1 policy hashing enabled
[    2.033091] ima: No TPM chip found, activating TPM-bypass! (rc=-19)
[    2.039893] ima: Allocated hash algorithm: sha1
[    2.045443] evm: HMAC attrs: 0x1
[    2.049079]   Magic number: 12:241:753
[    2.052229] tty ttyS4: hash matches
[    2.057078] rtc_cmos rtc_cmos: setting system clock to 2024-02-18 21:43:47 UTC (1708292627)
[    2.066482] BIOS EDD facility v0.16 2004-Jun-25, 0 devices found
[    2.071707] EDD information not available.
[    2.080214] Freeing unused kernel image memory: 2480K
[    2.115149] Write protecting the kernel read-only data: 20480k
[    2.122917] Freeing unused kernel image memory: 2008K
[    2.127820] Freeing unused kernel image memory: 1820K
[    2.140196] x86/mm: Checked W+X mappings: passed, no W+X pages found.
Loading, please wait...
starting version 237
[    2.251529] Fusion MPT base driver 3.04.20
[    2.256638] Copyright (c) 1999-2008 LSI Corporation
[    2.261859] e1000: Intel(R) PRO/1000 Network Driver - version 7.3.21-k8-NAPI
[    2.268711] e1000: Copyright (c) 1999-2006 Intel Corporation.
[    2.292080] Fusion MPT SPI Host driver 3.04.20
[    2.314899] SSE version of gcm_enc/dec engaged.
[    2.556644] input: ImExPS/2 Generic Explorer Mouse as /devices/platform/i8042/serio1/input/input4
[    2.980624] e1000 0000:00:03.0 eth0: (PCI:33MHz:32-bit) 02:3b:7b:b7:3b:2d
[    2.987034] e1000 0000:00:03.0 eth0: Intel(R) PRO/1000 Network Connection
[    2.994647] mptbase: ioc0: Initiating bringup
[    3.139331] ioc0: LSI53C1030 A0: Capabilities={Initiator}
[    4.393669] scsi host2: ioc0: LSI53C1030 A0, FwRev=00000000h, Ports=1, MaxQ=256, IRQ=20
[    4.637155] scsi 2:0:0:0: Direct-Access     VBOX     HARDDISK         1.0  PQ: 0 ANSI: 5
[    4.688161] scsi target2:0:0: Beginning Domain Validation
[    4.706878] scsi target2:0:0: Domain Validation skipping write tests
[    4.716099] scsi target2:0:0: Ending Domain Validation
[    4.723035] scsi target2:0:0: asynchronous
[    4.731812] scsi 2:0:1:0: Direct-Access     VBOX     HARDDISK         1.0  PQ: 0 ANSI: 5
[    4.964240] scsi target2:0:1: Beginning Domain Validation
[    4.976354] scsi target2:0:1: Domain Validation skipping write tests
[    4.982240] scsi target2:0:1: Ending Domain Validation
[    4.988213] scsi target2:0:1: asynchronous
[    5.010369] sd 2:0:0:0: Attached scsi generic sg0 type 0
[    5.016618] sd 2:0:0:0: [sda] 83886080 512-byte logical blocks: (42.9 GB/40.0 GiB)
[    5.017268] sd 2:0:1:0: Attached scsi generic sg1 type 0
[    5.033061] sd 2:0:0:0: [sda] Write Protect is off
[    5.038053] sd 2:0:1:0: [sdb] 20480 512-byte logical blocks: (10.5 MB/10.0 MiB)
[    5.046449] sd 2:0:1:0: [sdb] Write Protect is off
[    5.051257] sd 2:0:0:0: [sda] Incomplete mode parameter data
[    5.056995] sd 2:0:0:0: [sda] Assuming drive cache: write through
[    5.063080] sd 2:0:1:0: [sdb] Incomplete mode parameter data
[    5.070050] sd 2:0:1:0: [sdb] Assuming drive cache: write through
[    5.083193]  sda: sda1
[    5.090338] sd 2:0:0:0: [sda] Attached SCSI disk
[    5.095329] sd 2:0:1:0: [sdb] Attached SCSI disk
[    5.393494] e1000 0000:00:08.0 eth1: (PCI:33MHz:32-bit) 08:00:27:e4:57:b6
[    5.402134] e1000 0000:00:08.0 eth1: Intel(R) PRO/1000 Network Connection
[    5.410190] e1000 0000:00:08.0 enp0s8: renamed from eth1
[    5.433714] e1000 0000:00:03.0 enp0s3: renamed from eth0
Begin: Loading essential drivers ... [    8.365741] raid6: sse2x1   gen() 236889 MB/s
[    9.367935] raid6: sse2x1   xor() 173914 MB/s
[   11.377487] raid6: sse2x2   gen() 362090 MB/s
[   13.365750] raid6: sse2x2   xor() 229376 MB/s
[   13.431572] raid6: sse2x4   gen() 20218 MB/s
[   13.493879] raid6: sse2x4   xor() 11230 MB/s
[   13.498014] raid6: using algorithm sse2x2 gen() 362090 MB/s
[   13.502942] raid6: .... xor() 229376 MB/s, rmw enabled
[   13.507092] raid6: using ssse3x2 recovery algorithm
[   13.513300] xor: measuring software checksum speed
[   13.556341]    prefetch64-sse: 22363.000 MB/sec
[   13.600372]    generic_sse: 24171.000 MB/sec
[   13.603649] xor: using function: generic_sse (24171.000 MB/sec)
[   13.613024] async_tx: api initialized (async)
done.
Begin: Running /scripts/init-premount ... done.
Begin: Mounting root file system ... Begin: Running /scripts/local-top ... done.
Begin: Running /scripts/local-premount ... [   13.672137] Btrfs loaded, crc32c=crc32c-intel
Scanning for Btrfs filesystems
done.
Warning: fsck not present, so skipping root file system
[   13.735310] EXT4-fs (sda1): mounted filesystem with ordered data mode. Opts: (null)
done.
Begin: Running /scripts/local-bottom ... done.
Begin: Running /scripts/init-bottom ... done.
[   14.013026] ip_tables: (C) 2000-2006 Netfilter Core Team
[   14.033079] systemd[1]: systemd 237 running in system mode. (+PAM +AUDIT +SELINUX +IMA +APPARMOR +SMACK +SYSVINIT +UTMP +LIBCRYPTSETUP +GCRYPT +GNUTLS +ACL +XZ +LZ4 +SECCOMP +BLKID +ELFUTILS +KMOD -IDN2 +IDN -PCRE2 default-hierarchy=hybrid)
[   14.049950] systemd[1]: Detected virtualization oracle.
[   14.054845] systemd[1]: Detected architecture x86-64.

Welcome to [1mUbuntu 18.04.6 LTS[0m!

[   14.094553] systemd[1]: Set hostname to <ubuntu>.
[   14.105291] systemd[1]: Initializing machine ID from random generator.
[   14.110386] systemd[1]: Installed transient /etc/machine-id file.
[   14.468579] systemd[1]: Reached target User and Group Name Lookups.
[[0;32m  OK  [0m] Reached target User and Group Name Lookups.
[   14.476716] systemd[1]: Reached target System Time Synchronized.
[[0;32m  OK  [0m] Reached target System Time Synchronized.
[   14.493580] systemd[1]: Created slice System Slice.
[[0;32m  OK  [0m] Created slice System Slice.
[   14.500655] systemd[1]: Listening on Network Service Netlink Socket.
[[0;32m  OK  [0m] Listening on Network Service Netlink Socket.
[[0;32m  OK  [0m] Listening on udev Control Socket.
[[0;32m  OK  [0m] Listening on udev Kernel Socket.
[[0;32m  OK  [0m] Listening on Journal Audit Socket.
[[0;32m  OK  [0m] Listening on Device-mapper event daemon FIFOs.
[[0;32m  OK  [0m] Listening on LVM2 metadata daemon socket.
[[0;32m  OK  [0m] Listening on fsck to fsckd communication Socket.
[[0;32m  OK  [0m] Created slice system-serial\x2dgetty.slice.
[[0;32m  OK  [0m] Started Forward Password Requests to Wall Directory Watch.
[[0;32m  OK  [0m] Set up automount Arbitrary Executab…rmats File System Automount Point.
[[0;32m  OK  [0m] Reached target Mounting snaps.
[[0;32m  OK  [0m] Reached target Mounted snaps.
[[0;32m  OK  [0m] Listening on /dev/initctl Compatibility Named Pipe.
[[0;32m  OK  [0m] Listening on LVM2 poll daemon socket.
[[0;32m  OK  [0m] Reached target Swap.
[[0;32m  OK  [0m] Listening on Syslog Socket.
[[0;32m  OK  [0m] Listening on Journal Socket (/dev/log).
[[0;32m  OK  [0m] Created slice User and Session Slice.
[[0;32m  OK  [0m] Reached target Slices.
[[0;32m  OK  [0m] Listening on Journal Socket.
         Starting Load Kernel Modules...
         Mounting Huge Pages File System...
         Starting Monitoring of LVM2 mirrors…ng dmeventd or progress polling...
         Mounting POSIX Message Queue File System...
         Starting Set the console keyboard layout...
         Starting File System Check on Root Device...
         Mounting Kernel Debug File System...
         Starting udev Coldplug all Devices...
         Starting Uncomplicated firewall...
         Starting Journal Service...
         Starting Create list of required st…ce nodes for the current kernel...
[[0;32m  OK  [0m] [   14.635972] Loading iSCSI transport class v2.0-870.
Mounted Huge Pages File System.
[[0;32m  OK  [0m] Mounted POSIX Message Queue File System.
[[0;32m  OK  [0m] Mounted Kernel Debug File System.
[[0;32m  OK  [0m] Started File System Check Daemon to report status.
[[0;32m  OK  [0m] Started Uncomplicated firewall.
[[0;32m  OK  [0m] Started LVM2 metadata daemon.
[[0;32m  OK  [0m] Started udev Coldplug all Devices.
[[0;32m  OK  [0m] Started Create list of required sta…vice nodes for the current kernel.
         Starting Create Static Device Nodes in /dev...
[   14.738836] iscsi: registered transport (tcp)
[[0;32m  OK  [0m] Started Journal Service.
[[0;32m  OK  [0m] Started Create Static Device Nodes in /dev.
[   14.843898] iscsi: registered transport (iser)
[[0;32m  OK  [0m] Started Load Kernel Modules.
         Mounting FUSE Control File System...
         Mounting Kernel Configuration File System...
         Starting Apply Kernel Variables...
[[0;32m  OK  [0m] Started File System Check on Root Device.
[[0;32m  OK  [0m] Mounted FUSE Control File System.
[[0;32m  OK  [0m] Mounted Kernel Configuration File System.
         Starting Remount Root and Kernel File Systems...
[[0;32m  OK  [0m] Started Monitoring of LVM2 mirrors,…sing dmeventd or progress polling.
[[0;32m  OK  [0m] Started Apply Kernel Variables.
[[0;32m  OK  [0m] Started Remount Root and Kernel File Systems.
         Starting Flush Journal to Persistent Storage...
         Starting Load/Save Random Seed...
         Starting udev Kernel Device Manager...
[[0;32m  OK  [0m] Started Load/Save Random Seed.
[[0;32m  OK  [0m] Started udev Kernel Device Manager.
[[0;32m  OK  [0m] Started Flush Journal to Persistent Storage.
[[0;32m  OK  [0m] Found device /dev/ttyS0.
[[0;32m  OK  [0m] Listening on Load/Save RF Kill Switch Status /dev/rfkill Watch.
[[0;32m  OK  [0m] Started Set the console keyboard layout.
         Mounting Arbitrary Executable File Formats File System...
[[0;32m  OK  [0m] Reached target Local File Systems (Pre).
[[0;32m  OK  [0m] Reached target Local File Systems.
         Starting AppArmor initialization...
         Starting Commit a transient machine-id on disk...
         Starting Create Volatile Files and Directories...
         Starting Tell Plymouth To Write Out Runtime Data...
         Starting Set console font and keymap...
         Starting ebtables ruleset management...
[[0;32m  OK  [0m] Started Dispatch Password Requests to Console Directory Watch.
[[0;32m  OK  [0m] Reached target Local Encrypted Volumes.
[[0;32m  OK  [0m] Mounted Arbitrary Executable File Formats File System.
[[0;32m  OK  [0m] Started Create Volatile Files and Directories.
[[0;32m  OK  [0m] Started Tell Plymouth To Write Out Runtime Data.
         Starting Update UTMP about System Boot/Shutdown...
[[0;32m  OK  [0m] Started Update UTMP about System Boot/Shutdown.
[[0;32m  OK  [0m] Started Commit a transient machine-id on disk.
[[0;32m  OK  [0m] Started ebtables ruleset management.
[[0;32m  OK  [0m] Started AppArmor initialization.
         Starting Load AppArmor profiles managed internally by snapd...
         Starting Initial cloud-init job (pre-networking)...
[[0;32m  OK  [0m] Started Load AppArmor profiles managed internally by snapd.
[[0;32m  OK  [0m] Started Set console font and keymap.
[   18.853085] cloud-init[762]: Cloud-init v. 23.1.2-0ubuntu0~18.04.1 running 'init-local' at Sun, 18 Feb 2024 21:44:03 +0000. Up 18.45 seconds.
[[0;32m  OK  [0m] Started Initial cloud-init job (pre-networking).
[[0;32m  OK  [0m] Reached target Network (Pre).
         Starting Network Service...
[[0;32m  OK  [0m] Started Network Service.
         Starting Network Name Resolution...
         Starting Wait for Network to be Configured...
[[0;32m  OK  [0m] Started Network Name Resolution.
[[0;32m  OK  [0m] Reached target Network.
[[0;32m  OK  [0m] Reached target Host and Network Name Lookups.
[[0;32m  OK  [0m] Started Wait for Network to be Configured.
         Starting Initial cloud-init job (metadata service crawler)...
[   21.525611] cloud-init[918]: Cloud-init v. 23.1.2-0ubuntu0~18.04.1 running 'init' at Sun, 18 Feb 2024 21:44:06 +0000. Up 21.37 seconds.
[   21.540367] cloud-init[918]: ci-info: ++++++++++++++++++++++++++++++++++++++Net device info+++++++++++++++++++++++++++++++++++++++
[   21.544633] cloud-init[918]: ci-info: +--------+-------+----------------------------+---------------+--------+-------------------+
[   21.548602] cloud-init[918]: ci-info: | Device |   Up  |          Address           |      Mask     | Scope  |     Hw-Address    |
[   21.552487] cloud-init[918]: ci-info: +--------+-------+----------------------------+---------------+--------+-------------------+
[   21.556389] cloud-init[918]: ci-info: | enp0s3 |  True |         10.0.2.15          | 255.255.255.0 | global | 02:3b:7b:b7:3b:2d |
[   21.583721] cloud-init[918]: ci-info: | enp0s3 |  True | fe80::3b:7bff:feb7:3b2d/64 |       .       |  link  | 02:3b:7b:b7:3b:2d |
[   21.587152] cloud-init[918]: ci-info: | enp0s8 | False |             .              |       .       |   .    | 08:00:27:e4:57:b6 |
[   21.590951] cloud-init[918]: ci-info: |   lo   |  True |         127.0.0.1          |   255.0.0.0   |  host  |         .         |
[   21.594744] cloud-init[918]: ci-info: |   lo   |  True |          ::1/128           |       .       |  host  |         .         |
[   21.598641] cloud-init[918]: ci-info: +--------+-------+----------------------------+---------------+--------+-------------------+
[   21.602302] cloud-init[918]: ci-info: ++++++++++++++++++++++++++++Route IPv4 info+++++++++++++++++++++++++++++
[   21.605902] cloud-init[918]: ci-info: +-------+-------------+----------+-----------------+-----------+-------+
[   21.609036] cloud-init[918]: ci-info: | Route | Destination | Gateway  |     Genmask     | Interface | Flags |
[   21.611960] cloud-init[918]: ci-info: +-------+-------------+----------+-----------------+-----------+-------+
[   21.615239] cloud-init[918]: ci-info: |   0   |   0.0.0.0   | 10.0.2.2 |     0.0.0.0     |   enp0s3  |   UG  |
[   21.618451] cloud-init[918]: ci-info: |   1   |   10.0.2.0  | 0.0.0.0  |  255.255.255.0  |   enp0s3  |   U   |
[   21.621680] cloud-init[918]: ci-info: |   2   |   10.0.2.2  | 0.0.0.0  | 255.255.255.255 |   enp0s3  |   UH  |
[   21.625022] cloud-init[918]: ci-info: +-------+-------------+----------+-----------------+-----------+-------+
[   21.628026] cloud-init[918]: ci-info: +++++++++++++++++++Route IPv6 info+++++++++++++++++++
[   21.630669] cloud-init[918]: ci-info: +-------+-------------+---------+-----------+-------+
[   21.633734] cloud-init[918]: ci-info: | Route | Destination | Gateway | Interface | Flags |
[   21.636515] cloud-init[918]: ci-info: +-------+-------------+---------+-----------+-------+
[   21.638940] cloud-init[918]: ci-info: |   1   |  fe80::/64  |    ::   |   enp0s3  |   U   |
[   21.641639] cloud-init[918]: ci-info: |   3   |    local    |    ::   |   enp0s3  |   U   |
[   21.644426] cloud-init[918]: ci-info: |   4   |   ff00::/8  |    ::   |   enp0s3  |   U   |
[   21.646985] cloud-init[918]: ci-info: +-------+-------------+---------+-----------+-------+
[   22.697439] cloud-init[918]: Generating public/private rsa key pair.
[   22.699948] cloud-init[918]: Your identification has been saved in /etc/ssh/ssh_host_rsa_key.
[   22.703544] cloud-init[918]: Your public key has been saved in /etc/ssh/ssh_host_rsa_key.pub.
[   22.706992] cloud-init[918]: The key fingerprint is:
[   22.709084] cloud-init[918]: SHA256:Fjk0RoofGbQV3MlQU8bhnyOMp9u1DYGPByZENZBLAoM root@ubuntu-bionic
[   22.724375] cloud-init[918]: The key's randomart image is:
[   22.726136] cloud-init[918]: +---[RSA 2048]----+
[   22.727768] cloud-init[918]: |     o=+O*=B*.   |
[   22.729271] cloud-init[918]: |    E. Xo+*+..   |
[   22.730845] cloud-init[918]: |    . = +o...    |
[   22.732537] cloud-init[918]: |     . . +.o o . |
[   22.733890] cloud-init[918]: |      . S o B =  |
[   22.735696] cloud-init[918]: |       .   = = o |
[   22.737456] cloud-init[918]: |          . . =  |
[   22.738870] cloud-init[918]: |           o o + |
[   22.740626] cloud-init[918]: |          . . . .|
[   22.742364] cloud-init[918]: +----[SHA256]-----+
[   22.743765] cloud-init[918]: Generating public/private dsa key pair.
[   22.745967] cloud-init[918]: Your identification has been saved in /etc/ssh/ssh_host_dsa_key.
[   22.748439] cloud-init[918]: Your public key has been saved in /etc/ssh/ssh_host_dsa_key.pub.
[   22.751185] cloud-init[918]: The key fingerprint is:
[   22.753573] cloud-init[918]: SHA256:Gd8AnhmU3pDjw5vY4N2MwA1RIn3vBtArdLHV0BRtZf0 root@ubuntu-bionic
[   22.756515] cloud-init[918]: The key's randomart image is:
[   22.758260] cloud-init[918]: +---[DSA 1024]----+
[   22.759812] cloud-init[918]: |    ..o=*+o=oo .+|
[   22.761704] cloud-init[918]: |     .=oOB  o o..|
[   22.763996] cloud-init[918]: |     o X**.  .  .|
[   22.765936] cloud-init[918]: |      = O+oo    E|
[   22.767662] cloud-init[918]: |     . BSX. .    |
[   22.769215] cloud-init[918]: |      o * =      |
[   22.770793] cloud-init[918]: |         .       |
[   22.772349] cloud-init[918]: |                 |
[   22.773929] cloud-init[918]: |                 |
[   22.775362] cloud-init[918]: +----[SHA256]-----+
[   22.777221] cloud-init[918]: Generating public/private ecdsa key pair.
[   22.779395] cloud-init[918]: Your identification has been saved in /etc/ssh/ssh_host_ecdsa_key.
[   22.782041] cloud-init[918]: Your public key has been saved in /etc/ssh/ssh_host_ecdsa_key.pub.
[   22.784857] cloud-init[918]: The key fingerprint is:
[   22.786381] cloud-init[918]: SHA256:8uTP5y0OaZmpd56rzle/JlOqDoCLBTdpZsNFiwWEeJk root@ubuntu-bionic
[   22.789234] cloud-init[918]: The key's randomart image is:
[   22.790979] cloud-init[918]: +---[ECDSA 256]---+
[   22.807695] cloud-init[918]: |  . =oo+         |
[   22.809759] cloud-init[918]: | . E. = .        |
[   22.811598] cloud-init[918]: |  .. @ .         |
[   22.813603] cloud-init[918]: |    * +          |
[   22.815518] cloud-init[918]: |     o..S        |
[   22.817540] cloud-init[918]: |    o .=.  =  .. |
[   22.819516] cloud-init[918]: |   . .  o.B  .o. |
[   22.821381] cloud-init[918]: |         *o.=* ..|
[   22.823193] cloud-init[918]: |        .oB@Bo=..|
[   22.825502] cloud-init[918]: +----[SHA256]-----+
[   22.831161] cloud-init[918]: Generating public/private ed25519 key pair.
[   22.837451] cloud-init[918]: Your identification has been saved in /etc/ssh/ssh_host_ed25519_key.
[   22.846057] cloud-init[[0;32m  OK  [0m] Started Initial cloud-init job (metadata service crawler).
[[0;32m  OK  [0m] Reached target Network is Online.
[918]: Your public key has been saved in /etc/ssh/ssh_host_ed25519_key.pub.
[   22.862500] cloud-init         Starting Availability of block devices...
[[0;32m  OK  [0m] Reached target Remote File Systems (Pre).
[[0;32m  OK  [0m] Reached target Remote File Systems.
[[0;32m  OK  [0m] Reached target Cloud-config availability.
[[0;32m  OK  [0m] Reached target System Initialization.
[[0;32m  OK  [0m] Listening on Open-iSCSI iscsid Socket.
[[0;32m  OK  [0m] Listening on D-Bus System Message Bus Socket.
[[0;32m  OK  [0m] Listening on cloud-init hotplug hook socket.
[[0;32m  OK  [0m] Started Daily apt download activities.
[[0;32m  OK  [0m] Started Discard unused blocks once a week.
         Starting LXD - unix socket.
[[0;32m  OK  [0m] Started Daily apt upgrade and clean activities.
[[0;32m  OK  [0m] Started Ubuntu Advantage Timer for running repeated jobs.
[[0;32m  OK  [0m] Started Daily Cleanup of Temporary Directories.
         Starting Socket activation for snappy daemon.
[[0;32m  OK  [0m] Listening on UUID daemon activation socket.
[[0;32m  OK  [0m] Started Message of the Day.
[[0;32m  OK  [0m] Started ACPI Events Check.
[[0;32m  OK  [0m] Reached target Paths.
[[0;32m  OK  [0m] Reached target Timers.
[[0;32m  OK  [0m] Listening on ACPID Listen Socket.
[[0;32m  OK  [0m] Started Availability of block devices.
[[0;32m  OK  [0m] Listening on LXD - unix socket.
[[0;32m  OK  [0m] Listening on Socket activation for snappy daemon.
[[0;32m  OK  [0m] Reached target Sockets.
[[0;32m  OK  [0m] Reached target Basic System.
[[0;32m  OK  [0m] Started Regular background program processing daemon.
         Starting LXD - container startup/shutdown...
[918]: The key fingerprint is:
[   22.911485] cloud-init         Starting Login Service...
[[0;32m  OK  [0m] Started Deferred execution scheduler.
[918]:          Starting Accounts Service...
SHA256:+Zk6co/1UtUy9YGIKV88cxiR2l8fu89ydvlvhVSyQ6Y root@ubuntu-bionic
[   22.941273] cloud-init[918]: The key's randomart image is:
[   22.947826] cloud-init[918]: +--[ED25519 256]--+
[   22.954760] cloud-init[918]: |          +o* .  |
[   22.960872] cloud-init[918]: |       . o O o+.o|
[   22.967004] cloud-init[918]: |        o + ++ *o|
[   22.976798] cloud-init[918]: |         + .E Boo|
[   22.984422] cloud-init[918]: |        S   .o.=+|
[   22.988837] cloud-init[918]: |         . o....o|
[   22.993019] cloud-init[918]: |          =.    +|
[   22.996567] cloud-init[918]: |      . o+..  .+=|
[   23.000668]          Starting Dispatcher daemon for systemd-networkd...
         Starting Permit User Sessions...
         Starting Virtualbox guest utils...
cloud-init[918]: |       ooo...  =X|
[   23.026647] cloud-init[918]: +----[SHA256]-----+
         Starting Pollinate to seed the pseudo random number generator...
         Starting Snap Daemon...
[[0;32m  OK  [0m] Started D-Bus System Message Bus.
[[0;32m  OK  [0m] Started Login Service.
[[0;32m  OK  [0m] Started Unattended Upgrades Shutdown.
[[0;32m  OK  [0m] Started irqbalance daemon.
[[0;32m  OK  [0m] Started FUSE filesystem for LXC.
[[0;32m  OK  [0m] Reached target Login Prompts (Pre).
         Starting LSB: automatic crash report generation...
         Starting LSB: Record successful boot for GRUB...
         Starting System Logging Service...
[[0;32m  OK  [0m] Started LXD - container startup/shutdown.
[[0;32m  OK  [0m] Started Permit User Sessions.
         Starting Terminate Plymouth Boot Screen...
         Starting Hold until boot process finishes up...
[[0;32m  OK  [0m] Started Terminate Plymouth Boot Screen.
[[0;32m  OK  [0m] Started Hold until boot process finishes up.
         Starting Set console scheme...
[[0;32m  OK  [0m] Started Serial Getty on ttyS0.
[[0;32m  OK  [0m] Started System Logging Service.
[[0;32m  OK  [0m] Started Set console scheme.
[[0;32m  OK  [0m] Created slice system-getty.slice.
[[0;32m  OK  [0m] Started Getty on tty1.
[[0;32m  OK  [0m] Reached target Login Prompts.
         Starting Authorization Manager...
[[0;32m  OK  [0m] Started Authorization Manager.
[[0;32m  OK  [0m] Started Accounts Service.
[[0;32m  OK  [0m] Started LSB: automatic crash report generation.
[[0;32m  OK  [0m] Started Virtualbox guest utils.
[[0;32m  OK  [0m] Started LSB: Record successful boot for GRUB.
[[0;32m  OK  [0m] Started Dispatcher daemon for systemd-networkd.
[[0;32m  OK  [0m] Started Snap Daemon.
         Starting Wait until snapd is fully seeded...
         Starting Time & Date Service...
[[0;32m  OK  [0m] Started Time & Date Service.
[[0;32m  OK  [0m] Started Pollinate to seed the pseudo random number generator.
         Starting OpenBSD Secure Shell server...
[[0;32m  OK  [0m] Started OpenBSD Secure Shell server.
[[0;32m  OK  [0m] Created slice User Slice of vagrant.
         Starting User Manager for UID 1000...
[[0;32m  OK  [0m] Started Session 1 of user vagrant.
[[0;32m  OK  [0m] Started User Manager for UID 1000.
[[0;32m  OK  [0m] Started Wait until snapd is fully seeded.
         Starting Apply the settings specified in cloud-config...
[   29.428699] cloud-init[1580]: Cloud-init v. 23.1.2-0ubuntu0~18.04.1 running 'modules:config' at Sun, 18 Feb 2024 21:44:14 +0000. Up 28.99 seconds.

Ubuntu 18.04.6 LTS ubuntu-bionic ttyS0

ubuntu-bionic login: ci-info: no authorized SSH keys fingerprints found for user ubuntu.
<14>Feb 18 21:44:15 cloud-init: #############################################################
<14>Feb 18 21:44:15 cloud-init: -----BEGIN SSH HOST KEY FINGERPRINTS-----
<14>Feb 18 21:44:15 cloud-init: 1024 SHA256:Gd8AnhmU3pDjw5vY4N2MwA1RIn3vBtArdLHV0BRtZf0 root@ubuntu-bionic (DSA)
<14>Feb 18 21:44:15 cloud-init: 256 SHA256:8uTP5y0OaZmpd56rzle/JlOqDoCLBTdpZsNFiwWEeJk root@ubuntu-bionic (ECDSA)
<14>Feb 18 21:44:15 cloud-init: 256 SHA256:+Zk6co/1UtUy9YGIKV88cxiR2l8fu89ydvlvhVSyQ6Y root@ubuntu-bionic (ED25519)
<14>Feb 18 21:44:15 cloud-init: 2048 SHA256:Fjk0RoofGbQV3MlQU8bhnyOMp9u1DYGPByZENZBLAoM root@ubuntu-bionic (RSA)
<14>Feb 18 21:44:15 cloud-init: -----END SSH HOST KEY FINGERPRINTS-----
<14>Feb 18 21:44:15 cloud-init: #############################################################
-----BEGIN SSH HOST KEY KEYS-----
ecdsa-sha2-nistp256 AAAAE2VjZHNhLXNoYTItbmlzdHAyNTYAAAAIbmlzdHAyNTYAAABBBNU7q9D2cna75jdVYPk6AP3gR5wZAE135iI4Fc5eHDzuwTcSFwHGEWv2/fZL4OdWxjKPVhqyX1E4wtxTjD2iZbQ= root@ubuntu-bionic
ssh-ed25519 AAAAC3NzaC1lZDI1NTE5AAAAIMSQpPEarNFgiD3q9Oa9GBSvDZdJg0c6CmWjtkyuXwF2 root@ubuntu-bionic
ssh-rsa AAAAB3NzaC1yc2EAAAADAQABAAABAQC78uAOXVNgNigzlMsccKIY6veoqbxZRaP0IzcyMjXE87dSmPuOGCwv9FRMT5sRErGp9jn+97Cul6uwBiA9L1IbyEB1OgmVodg2PK/XvnGStapsMoBOFuEzQpk2mU9blMak4TWFZ2C6oi7LQ8rsTFdMzrpCHw+Zbw/AGgkCEAQJR/6NhL06CQcSiEf3E3LtH3n1rkkeLJD2Ja67q6TWgxdcc8fjwoqnM9k12Wkl7Z/lvS1kOHgXlRK7E8cMvU8jQ9ovcor+ZcONkUGg21zGDUL5qrT9RemTJA32xq7KQYufnmYjt3QwgJJrQlf18++i6I1VfXYHnczzrPRXky5cscW1 root@ubuntu-bionic
-----END SSH HOST KEY KEYS-----
[   30.214648] cloud-init[1667]: Cloud-init v. 23.1.2-0ubuntu0~18.04.1 running 'modules:final' at Sun, 18 Feb 2024 21:44:15 +0000. Up 29.99 seconds.
[   30.214776] cloud-init[1667]: Cloud-init v. 23.1.2-0ubuntu0~18.04.1 finished at Sun, 18 Feb 2024 21:44:15 +0000. Datasource DataSourceNoCloud [seed=/dev/sdb][dsmode=net].  Up 30.20 seconds
[[0;32m  OK  [0m] Stopped target Graphical Interface.
[[0;32m  OK  [0m] Stopped target Cloud-init target.
         Stopping User Manager for UID 1000...
[[0;32m  OK  [0m] Closed Load/Save RF Kill Switch Status /dev/rfkill Watch.
[[0;32m  OK  [0m] Stopped target Timers.
[[0;32m  OK  [0m] Stopped Daily Cleanup of Temporary Directories.
[[0;32m  OK  [0m] Stopped Message of the Day.
[[0;32m  OK  [0m] Stopped Ubuntu Advantage Timer for running repeated jobs.
[[0;32m  OK  [0m] Stopped Execute cloud user/final scripts.
[[0;32m  OK  [0m] Stopped Apply the settings specified in cloud-config.
         Stopping Availability of block devices...
         Stopping Session 5 of user vagrant.
[[0;32m  OK  [0m] Stopped target Host and Network Name Lookups.
         Stopping Accounts Service...
         Stopping Authorization Manager...
[[0;32m  OK  [0m] Stopped Discard unused blocks once a week.
[[0;32m  OK  [0m] Stopped Daily apt upgrade and clean activities.
[[0;32m  OK  [0m] Stopped Daily apt download activities.
[[0;32m  OK  [0m] Stopped target System Time Synchronized.
[[0;32m  OK  [0m] Stopped target Multi-User System.
         Stopping LSB: Record successful boot for GRUB...
         Stopping Dispatcher daemon for systemd-networkd...
         Stopping Deferred execution scheduler...
         Stopping D-Bus System Message Bus...
         Stopping FUSE filesystem for LXC...
         Stopping A high performance web server and a reverse proxy server...
         Stopping System Logging Service...
[[0;32m  OK  [0m] Stopped Wait until snapd is fully seeded.
         Stopping LSB: automatic crash report generation...
         Stopping Regular background program processing daemon...
[[0;32m  OK  [0m] Stopped target Login Prompts.
         Stopping Getty on tty1...
         Stopping OpenBSD Secure Shell server...
         Stopping LXD - container startup/shutdown...
[[0;32m  OK  [0m] Stopped target Cloud-config availability.
         Stopping Virtualbox guest utils...
         Stopping irqbalance daemon...
         Stopping Serial Getty on ttyS0...
[[0;32m  OK  [0m] Unmounted /var/lib/lxcfs.
[[0;32m  OK  [0m] Stopped Regular background program processing daemon.
[[0;32m  OK  [0m] Stopped Deferred execution scheduler.
[[0;32m  OK  [0m] Stopped Accounts Service.
[[0;32m  OK  [0m] Stopped Dispatcher daemon for systemd-networkd.
[[0;32m  OK  [0m] Stopped irqbalance daemon.
[[0;32m  OK  [0m] Stopped System Logging Service.
[[0;32m  OK  [0m] Stopped Serial Getty on ttyS0.
[[0;32m  OK  [0m] Stopped Getty on tty1.
[[0;32m  OK  [0m] Stopped Authorization Manager.
[[0;32m  OK  [0m] Stopped OpenBSD Secure Shell server.
[[0;32m  OK  [0m] Stopped User Manager for UID 1000.
[[0;32m  OK  [0m] Stopped Availability of block devices.
[[0;32m  OK  [0m] Stopped D-Bus System Message Bus.
[[0;32m  OK  [0m] Stopped A high performance web server and a reverse proxy server.
[[0;32m  OK  [0m] Stopped FUSE filesystem for LXC.
[[0;32m  OK  [0m] Stopped Session 5 of user vagrant.
[[0;32m  OK  [0m] Removed slice User Slice of vagrant.
         Stopping Login Service...
[[0;32m  OK  [0m] Removed slice system-getty.slice.
[[0;32m  OK  [0m] Stopped target Login Prompts (Pre).
[[0;32m  OK  [0m] Removed slice system-serial\x2dgetty.slice.
         Stopping Permit User Sessions...
[[0;32m  OK  [0m] Stopped LSB: Record successful boot for GRUB.
[[0;32m  OK  [0m] Stopped LSB: automatic crash report generation.
[[0;32m  OK  [0m] Stopped LXD - container startup/shutdown.
[[0;32m  OK  [0m] Stopped Permit User Sessions.
[[0;32m  OK  [0m] Stopped target Remote File Systems.
         Unmounting /setup...
[[0;32m  OK  [0m] Stopped Login Service.
[[0;32m  OK  [0m] Stopped target User and Group Name Lookups.
[[0;32m  OK  [0m] Unmounted /setup.
[[0;32m  OK  [0m] Stopped target Remote File Systems (Pre).
[[0;32m  OK  [0m] Stopped target Network is Online.
[[0;32m  OK  [0m] Stopped target Network.
         Stopping Network Name Resolution...
[[0;32m  OK  [0m] Stopped Virtualbox guest utils.
[[0;32m  OK  [0m] Stopped target Basic System.
[[0;32m  OK  [0m] Stopped target Slices.
[[0;32m  OK  [0m] Removed slice User and Session Slice.
[[0;32m  OK  [0m] Stopped target Sockets.
[[0;32m  OK  [0m] Closed D-Bus System Message Bus Socket.
[[0;32m  OK  [0m] Closed LXD - unix socket.
[[0;32m  OK  [0m] Closed cloud-init hotplug hook socket.
[[0;32m  OK  [0m] Closed UUID daemon activation socket.
[[0;32m  OK  [0m] Closed Syslog Socket.
[[0;32m  OK  [0m] Closed ACPID Listen Socket.
[[0;32m  OK  [0m] Closed Socket activation for snappy daemon.
[[0;32m  OK  [0m] Closed Open-iSCSI iscsid Socket.
[[0;32m  OK  [0m] Stopped target Paths.
[[0;32m  OK  [0m] Stopped ACPI Events Check.
[[0;32m  OK  [0m] Stopped target System Initialization.
         Stopping Update UTMP about System Boot/Shutdown...
[[0;32m  OK  [0m] Stopped target Local Encrypted Volumes.
[[0;32m  OK  [0m] Stopped Forward Password Requests to Wall Directory Watch.
[[0;32m  OK  [0m] Stopped Dispatch Password Requests to Console Directory Watch.
[[0;32m  OK  [0m] Stopped Commit a transient machine-id on disk.
[[0;32m  OK  [0m] Stopped Initial cloud-init job (metadata service crawler).
         Stopping Load/Save Random Seed...
[[0;32m  OK  [0m] Stopped Network Name Resolution.
[[0;32m  OK  [0m] Stopped Load/Save Random Seed.
         Stopping Network Service...
[[0;32m  OK  [0m] Stopped Update UTMP about System Boot/Shutdown.
[[0;32m  OK  [0m] Stopped Create Volatile Files and Directories.
[[0;32m  OK  [0m] Stopped target Local File Systems.
[[0;32m  OK  [0m] Stopped target Mounted snaps.
[[0;32m  OK  [0m] Stopped target Mounting snaps.
         Unmounting /run/user/1000...
[[0;32m  OK  [0m] Unmounted /run/user/1000.
[[0;32m  OK  [0m] Reached target Unmount All Filesystems.
[[0;32m  OK  [0m] Stopped target Swap.
[[0;32m  OK  [0m] Stopped target Local File Systems (Pre).
         Stopping Monitoring of LVM2 mirrors…ng dmeventd or progress polling...
[[0;32m  OK  [0m] Stopped Create Static Device Nodes in /dev.
[[0;32m  OK  [0m] Stopped Monitoring of LVM2 mirrors,…sing dmeventd or progress polling.
         Stopping LVM2 metadata daemon...
[[0;32m  OK  [0m] Stopped LVM2 metadata daemon.
[[0;32m  OK  [0m] Stopped Network Service.
[[0;32m  OK  [0m] Stopped Apply Kernel Variables.
[[0;32m  OK  [0m] Stopped Load Kernel Modules.
[[0;32m  OK  [0m] Stopped target Network (Pre).
[[0;32m  OK  [0m] Stopped Initial cloud-init job (pre-networking).
[[0;32m  OK  [0m] Stopped Remount Root and Kernel File Systems.
[[0;32m  OK  [0m] Reached target Shutdown.
[[0;32m  OK  [0m] Reached target Final Step.
         Starting Power-Off...
[  102.360672] reboot: Power down
